<?xml version="1.0" encoding="UTF-8"?>
<!-- Generated by org.testng.reporters.JUnitXMLReporter -->
<testsuite ignored="1" hostname="W8500534" failures="0" tests="1" name="Test" time="18.289" errors="0" timestamp="2025-05-09T19:19:32 IST">
  <testcase classname="testCases.TC002_LoginTest" name="verify_Login" time="2.563"/>
  <testcase classname="testCases.TC001_RegistrationTest" name="verify_Account_Registration" time="0.0">
    <ignored/>
  </testcase> <!-- verify_Account_Registration -->
</testsuite> <!-- Test -->
